<?xml version="1.0" encoding="UTF-8"?>
<!-- Generated by org.testng.reporters.JUnitReportReporter -->
<testsuite hostname="DESKTOP-09KCL7U" failures="0" tests="4" name="Tests.SubmitOrderTest" time="44.821" errors="0" timestamp="2022-11-23T19:19:15 CET" skipped="0">
  <testcase classname="Tests.SubmitOrderTest" name="submitOrder" time="19.459"/>
  <system-out/>
  <testcase classname="Tests.SubmitOrderTest" name="submitOrder" time="12.516"/>
  <system-out/>
  <testcase classname="Tests.SubmitOrderTest" name="orderHistoryTest" time="6.664"/>
  <system-out/>
  <testcase classname="Tests.SubmitOrderTest" name="orderHistoryTest" time="6.182"/>
  <system-out/>
</testsuite> <!-- Tests.SubmitOrderTest -->
