<?xml version="1.0" encoding="UTF-8"?>
<!-- Generated by org.testng.reporters.JUnitReportReporter -->
<testsuite hostname="DESKTOP-09KCL7U" failures="0" tests="4" name="Tests.SubmitOrderTest" time="72.837" errors="0" timestamp="2022-11-22T20:09:20 CET" skipped="0">
  <testcase classname="Tests.SubmitOrderTest" name="orderHistoryTest" time="39.276"/>
  <system-out/>
  <testcase classname="Tests.SubmitOrderTest" name="submitOrder" time="13.424"/>
  <system-out/>
  <testcase classname="Tests.SubmitOrderTest" name="orderHistoryTest" time="6.010"/>
  <system-out/>
  <testcase classname="Tests.SubmitOrderTest" name="submitOrder" time="14.127"/>
  <system-out/>
</testsuite> <!-- Tests.SubmitOrderTest -->
